[0.006s] Invoking command in '/home/xzq/project/armor_ws/build/armor_pub': AMENT_PREFIX_PATH=/home/xzq/project/armor_ws/install/armor_interfaces:${AMENT_PREFIX_PATH} CMAKE_PREFIX_PATH=/home/xzq/project/armor_ws/install/armor_interfaces:/opt/ros/humble LD_LIBRARY_PATH=/home/xzq/project/armor_ws/install/armor_interfaces/lib:/opt/MVS/lib/64:/opt/MVS/lib/32:/opt/MVS/lib/64:/opt/MVS/lib/32:/opt/MVS/lib/64:/opt/MVS/lib/32:/opt/ros/humble/opt/rviz_ogre_vendor/lib:/opt/ros/humble/lib/x86_64-linux-gnu:/opt/ros/humble/lib:/opt/MVS/lib/64:/opt/MVS/lib/32 PYTHONPATH=/home/xzq/project/armor_ws/install/armor_interfaces/local/lib/python3.10/dist-packages:${PYTHONPATH} /usr/bin/cmake --build /home/xzq/project/armor_ws/build/armor_pub -- -j12 -l12
[0.044s] [ 21%] [32mBuilding CXX object CMakeFiles/armor_pub.dir/src/armor_detector/matchLight.cpp.o[0m
[0.044s] [ 21%] [32mBuilding CXX object CMakeFiles/armor_pub.dir/src/Light/Light.cpp.o[0m
[0.044s] [ 21%] [32mBuilding CXX object CMakeFiles/armor_pub.dir/src/armor_detector/readDealCheck.cpp.o[0m
[0.044s] [ 35%] [32mBuilding CXX object CMakeFiles/armor_pub.dir/src/Armor/Armor.cpp.o[0m
[0.044s] [ 35%] [32mBuilding CXX object CMakeFiles/armor_pub.dir/src/armor_detector/matchArmor.cpp.o[0m
[0.044s] [ 50%] [32mBuilding CXX object CMakeFiles/armor_pub.dir/src/armor_detector/draw.cpp.o[0m
[0.044s] [ 50%] [32mBuilding CXX object CMakeFiles/armor_pub.dir/src/armor_detector/show.cpp.o[0m
[0.047s] [ 64%] Built target armor_pub_node
[0.047s] [ 71%] [32mBuilding CXX object CMakeFiles/armor_pub.dir/src/pnpSlover/pnpSlover.cpp.o[0m
[0.047s] [ 85%] Built target hik_driver
[0.048s] [ 92%] [32mBuilding CXX object CMakeFiles/armor_pub.dir/src/armor_detector/detectLight.cpp.o[0m
[0.196s] In file included from [01m[K/home/xzq/project/armor_ws/src/detectArmor/src/armor_detector/show.cpp:1[m[K:
[0.197s] [01m[K/home/xzq/project/armor_ws/src/detectArmor/include/detect.h:7:10:[m[K [01;31m[Kfatal error: [m[KMvCameraControl.h: æ²¡æœ‰é‚£ä¸ªæ–‡ä»¶æˆ–ç›®å½•
[0.197s]     7 | #include [01;31m[K"MvCameraControl.h"[m[K
[0.197s]       |          [01;31m[K^~~~~~~~~~~~~~~~~~~[m[K
[0.197s] compilation terminated.
[0.199s] gmake[2]: *** [CMakeFiles/armor_pub.dir/build.make:174ï¼šCMakeFiles/armor_pub.dir/src/armor_detector/show.cpp.o] é”™è¯¯ 1
[0.200s] gmake[2]: *** æ­£åœ¨ç­‰å¾…æœªå®Œæˆçš„ä»»åŠ¡....
[0.204s] In file included from [01m[K/home/xzq/project/armor_ws/src/detectArmor/include/pnpslover.h:4[m[K,
[0.204s]                  from [01m[K/home/xzq/project/armor_ws/src/detectArmor/src/pnpSlover/pnpSlover.cpp:1[m[K:
[0.204s] [01m[K/home/xzq/project/armor_ws/src/detectArmor/include/detect.h:7:10:[m[K [01;31m[Kfatal error: [m[KMvCameraControl.h: æ²¡æœ‰é‚£ä¸ªæ–‡ä»¶æˆ–ç›®å½•
[0.204s]     7 | #include [01;31m[K"MvCameraControl.h"[m[K
[0.204s]       |          [01;31m[K^~~~~~~~~~~~~~~~~~~[m[K
[0.204s] compilation terminated.
[0.206s] gmake[2]: *** [CMakeFiles/armor_pub.dir/build.make:188ï¼šCMakeFiles/armor_pub.dir/src/pnpSlover/pnpSlover.cpp.o] é”™è¯¯ 1
[0.208s] In file included from [01m[K/home/xzq/project/armor_ws/src/detectArmor/src/armor_detector/matchLight.cpp:1[m[K:
[0.208s] [01m[K/home/xzq/project/armor_ws/src/detectArmor/include/detect.h:7:10:[m[K [01;31m[Kfatal error: [m[KMvCameraControl.h: æ²¡æœ‰é‚£ä¸ªæ–‡ä»¶æˆ–ç›®å½•
[0.208s]     7 | #include [01;31m[K"MvCameraControl.h"[m[K
[0.208s]       |          [01;31m[K^~~~~~~~~~~~~~~~~~~[m[K
[0.208s] compilation terminated.
[0.210s] gmake[2]: *** [CMakeFiles/armor_pub.dir/build.make:146ï¼šCMakeFiles/armor_pub.dir/src/armor_detector/matchLight.cpp.o] é”™è¯¯ 1
[0.241s] In file included from [01m[K/home/xzq/project/armor_ws/src/detectArmor/src/armor_detector/readDealCheck.cpp:1[m[K:
[0.241s] [01m[K/home/xzq/project/armor_ws/src/detectArmor/include/detect.h:7:10:[m[K [01;31m[Kfatal error: [m[KMvCameraControl.h: æ²¡æœ‰é‚£ä¸ªæ–‡ä»¶æˆ–ç›®å½•
[0.241s]     7 | #include [01;31m[K"MvCameraControl.h"[m[K
[0.241s]       |          [01;31m[K^~~~~~~~~~~~~~~~~~~[m[K
[0.241s] compilation terminated.
[0.243s] gmake[2]: *** [CMakeFiles/armor_pub.dir/build.make:160ï¼šCMakeFiles/armor_pub.dir/src/armor_detector/readDealCheck.cpp.o] é”™è¯¯ 1
[0.246s] In file included from [01m[K/home/xzq/project/armor_ws/src/detectArmor/src/Armor/Armor.cpp:1[m[K:
[0.246s] [01m[K/home/xzq/project/armor_ws/src/detectArmor/include/detect.h:7:10:[m[K [01;31m[Kfatal error: [m[KMvCameraControl.h: æ²¡æœ‰é‚£ä¸ªæ–‡ä»¶æˆ–ç›®å½•
[0.246s]     7 | #include [01;31m[K"MvCameraControl.h"[m[K
[0.246s]       |          [01;31m[K^~~~~~~~~~~~~~~~~~~[m[K
[0.246s] compilation terminated.
[0.248s] gmake[2]: *** [CMakeFiles/armor_pub.dir/build.make:76ï¼šCMakeFiles/armor_pub.dir/src/Armor/Armor.cpp.o] é”™è¯¯ 1
[0.257s] In file included from [01m[K/home/xzq/project/armor_ws/src/detectArmor/src/armor_detector/matchArmor.cpp:1[m[K:
[0.257s] [01m[K/home/xzq/project/armor_ws/src/detectArmor/include/detect.h:7:10:[m[K [01;31m[Kfatal error: [m[KMvCameraControl.h: æ²¡æœ‰é‚£ä¸ªæ–‡ä»¶æˆ–ç›®å½•
[0.257s]     7 | #include [01;31m[K"MvCameraControl.h"[m[K
[0.257s]       |          [01;31m[K^~~~~~~~~~~~~~~~~~~[m[K
[0.257s] compilation terminated.
[0.259s] gmake[2]: *** [CMakeFiles/armor_pub.dir/build.make:132ï¼šCMakeFiles/armor_pub.dir/src/armor_detector/matchArmor.cpp.o] é”™è¯¯ 1
[0.266s] In file included from [01m[K/home/xzq/project/armor_ws/src/detectArmor/src/Light/Light.cpp:1[m[K:
[0.266s] [01m[K/home/xzq/project/armor_ws/src/detectArmor/include/detect.h:7:10:[m[K [01;31m[Kfatal error: [m[KMvCameraControl.h: æ²¡æœ‰é‚£ä¸ªæ–‡ä»¶æˆ–ç›®å½•
[0.266s]     7 | #include [01;31m[K"MvCameraControl.h"[m[K
[0.266s]       |          [01;31m[K^~~~~~~~~~~~~~~~~~~[m[K
[0.266s] compilation terminated.
[0.268s] In file included from [01m[K/home/xzq/project/armor_ws/src/detectArmor/src/armor_detector/draw.cpp:1[m[K:
[0.268s] [01m[K/home/xzq/project/armor_ws/src/detectArmor/include/detect.h:7:10:[m[K [01;31m[Kfatal error: [m[KMvCameraControl.h: æ²¡æœ‰é‚£ä¸ªæ–‡ä»¶æˆ–ç›®å½•
[0.268s]     7 | #include [01;31m[K"MvCameraControl.h"[m[K
[0.268s]       |          [01;31m[K^~~~~~~~~~~~~~~~~~~[m[K
[0.268s] compilation terminated.
[0.268s] gmake[2]: *** [CMakeFiles/armor_pub.dir/build.make:90ï¼šCMakeFiles/armor_pub.dir/src/Light/Light.cpp.o] é”™è¯¯ 1
[0.270s] gmake[2]: *** [CMakeFiles/armor_pub.dir/build.make:118ï¼šCMakeFiles/armor_pub.dir/src/armor_detector/draw.cpp.o] é”™è¯¯ 1
[0.272s] In file included from [01m[K/home/xzq/project/armor_ws/src/detectArmor/src/armor_detector/detectLight.cpp:1[m[K:
[0.272s] [01m[K/home/xzq/project/armor_ws/src/detectArmor/include/detect.h:7:10:[m[K [01;31m[Kfatal error: [m[KMvCameraControl.h: æ²¡æœ‰é‚£ä¸ªæ–‡ä»¶æˆ–ç›®å½•
[0.272s]     7 | #include [01;31m[K"MvCameraControl.h"[m[K
[0.272s]       |          [01;31m[K^~~~~~~~~~~~~~~~~~~[m[K
[0.272s] compilation terminated.
[0.275s] gmake[2]: *** [CMakeFiles/armor_pub.dir/build.make:104ï¼šCMakeFiles/armor_pub.dir/src/armor_detector/detectLight.cpp.o] é”™è¯¯ 1
[0.275s] gmake[1]: *** [CMakeFiles/Makefile2:156ï¼šCMakeFiles/armor_pub.dir/all] é”™è¯¯ 2
[0.275s] gmake: *** [Makefile:146ï¼šall] é”™è¯¯ 2
[0.277s] Invoked command in '/home/xzq/project/armor_ws/build/armor_pub' returned '2': AMENT_PREFIX_PATH=/home/xzq/project/armor_ws/install/armor_interfaces:${AMENT_PREFIX_PATH} CMAKE_PREFIX_PATH=/home/xzq/project/armor_ws/install/armor_interfaces:/opt/ros/humble LD_LIBRARY_PATH=/home/xzq/project/armor_ws/install/armor_interfaces/lib:/opt/MVS/lib/64:/opt/MVS/lib/32:/opt/MVS/lib/64:/opt/MVS/lib/32:/opt/MVS/lib/64:/opt/MVS/lib/32:/opt/ros/humble/opt/rviz_ogre_vendor/lib:/opt/ros/humble/lib/x86_64-linux-gnu:/opt/ros/humble/lib:/opt/MVS/lib/64:/opt/MVS/lib/32 PYTHONPATH=/home/xzq/project/armor_ws/install/armor_interfaces/local/lib/python3.10/dist-packages:${PYTHONPATH} /usr/bin/cmake --build /home/xzq/project/armor_ws/build/armor_pub -- -j12 -l12
