[01m[K/home/xzq/project/ros2_ws/src/ArmorPub/src/ArmorPubNode.cpp:1:10:[m[K [01;31m[Kfatal error: [m[KArmorPubNode.h: æ²¡æœ‰é‚£ä¸ªæ–‡ä»¶æˆ–ç›®å½•
    1 | #include [01;31m[K"ArmorPubNode.h"[m[K
      |          [01;31m[K^~~~~~~~~~~~~~~~[m[K
compilation terminated.
gmake[2]: *** [CMakeFiles/talker.dir/build.make:76ï¼šCMakeFiles/talker.dir/src/ArmorPubNode.cpp.o] é”™è¯¯ 1
gmake[1]: *** [CMakeFiles/Makefile2:137ï¼šCMakeFiles/talker.dir/all] é”™è¯¯ 2
gmake: *** [Makefile:146ï¼šall] é”™è¯¯ 2
