[0.007s] Invoking command in '/home/xzq/project/ros2_ws/build/armor_pub': AMENT_PREFIX_PATH=/home/xzq/project/ros2_ws/install/armor_interfaces:${AMENT_PREFIX_PATH} CMAKE_PREFIX_PATH=/home/xzq/project/ros2_ws/install/armor_interfaces:/opt/ros/humble LD_LIBRARY_PATH=/home/xzq/project/ros2_ws/install/armor_interfaces/lib:/opt/MVS/lib/64:/opt/MVS/lib/32:/opt/MVS/lib/64:/opt/MVS/lib/32:/opt/MVS/lib/64:/opt/MVS/lib/32:/opt/ros/humble/opt/rviz_ogre_vendor/lib:/opt/ros/humble/lib/x86_64-linux-gnu:/opt/ros/humble/lib:/opt/MVS/lib/64:/opt/MVS/lib/32 PYTHONPATH=/home/xzq/project/ros2_ws/install/armor_interfaces/local/lib/python3.10/dist-packages:${PYTHONPATH} /usr/bin/cmake /home/xzq/project/ros2_ws/src/ArmorPub -DCMAKE_INSTALL_PREFIX=/home/xzq/project/ros2_ws/install/armor_pub
[0.015s] -- Found ament_cmake: 1.3.11 (/opt/ros/humble/share/ament_cmake/cmake)
[0.111s] -- Found rclcpp: 16.0.11 (/opt/ros/humble/share/rclcpp/cmake)
[0.132s] -- Found rosidl_generator_c: 3.1.6 (/opt/ros/humble/share/rosidl_generator_c/cmake)
[0.133s] -- Found rosidl_adapter: 3.1.6 (/opt/ros/humble/share/rosidl_adapter/cmake)
[0.137s] -- Found rosidl_generator_cpp: 3.1.6 (/opt/ros/humble/share/rosidl_generator_cpp/cmake)
[0.143s] -- Using all available rosidl_typesupport_c: rosidl_typesupport_fastrtps_c;rosidl_typesupport_introspection_c
[0.150s] -- Using all available rosidl_typesupport_cpp: rosidl_typesupport_fastrtps_cpp;rosidl_typesupport_introspection_cpp
[0.170s] -- Found rmw_implementation_cmake: 6.1.2 (/opt/ros/humble/share/rmw_implementation_cmake/cmake)
[0.171s] -- Found rmw_fastrtps_cpp: 6.2.7 (/opt/ros/humble/share/rmw_fastrtps_cpp/cmake)
[0.236s] -- Using RMW implementation 'rmw_fastrtps_cpp' as default
[0.264s] -- Found armor_interfaces: 0.0.0 (/home/xzq/project/ros2_ws/install/armor_interfaces/share/armor_interfaces/cmake)
[0.280s] -- Found ament_lint_auto: 0.12.11 (/opt/ros/humble/share/ament_lint_auto/cmake)
[0.328s] -- Added test 'cppcheck' to perform static code analysis on C / C++ code
[0.329s] -- Configured cppcheck include dirs: 
[0.329s] -- Configured cppcheck exclude dirs and/or files: 
[0.329s] -- Added test 'lint_cmake' to check CMake code style
[0.329s] -- Added test 'uncrustify' to check C / C++ code style
[0.329s] -- Configured uncrustify additional arguments: 
[0.329s] -- Added test 'xmllint' to check XML markup files
[0.330s] -- Configuring done
[0.335s] -- Generating done
[0.337s] -- Build files have been written to: /home/xzq/project/ros2_ws/build/armor_pub
[0.342s] Invoked command in '/home/xzq/project/ros2_ws/build/armor_pub' returned '0': AMENT_PREFIX_PATH=/home/xzq/project/ros2_ws/install/armor_interfaces:${AMENT_PREFIX_PATH} CMAKE_PREFIX_PATH=/home/xzq/project/ros2_ws/install/armor_interfaces:/opt/ros/humble LD_LIBRARY_PATH=/home/xzq/project/ros2_ws/install/armor_interfaces/lib:/opt/MVS/lib/64:/opt/MVS/lib/32:/opt/MVS/lib/64:/opt/MVS/lib/32:/opt/MVS/lib/64:/opt/MVS/lib/32:/opt/ros/humble/opt/rviz_ogre_vendor/lib:/opt/ros/humble/lib/x86_64-linux-gnu:/opt/ros/humble/lib:/opt/MVS/lib/64:/opt/MVS/lib/32 PYTHONPATH=/home/xzq/project/ros2_ws/install/armor_interfaces/local/lib/python3.10/dist-packages:${PYTHONPATH} /usr/bin/cmake /home/xzq/project/ros2_ws/src/ArmorPub -DCMAKE_INSTALL_PREFIX=/home/xzq/project/ros2_ws/install/armor_pub
[0.344s] Invoking command in '/home/xzq/project/ros2_ws/build/armor_pub': AMENT_PREFIX_PATH=/home/xzq/project/ros2_ws/install/armor_interfaces:${AMENT_PREFIX_PATH} CMAKE_PREFIX_PATH=/home/xzq/project/ros2_ws/install/armor_interfaces:/opt/ros/humble LD_LIBRARY_PATH=/home/xzq/project/ros2_ws/install/armor_interfaces/lib:/opt/MVS/lib/64:/opt/MVS/lib/32:/opt/MVS/lib/64:/opt/MVS/lib/32:/opt/MVS/lib/64:/opt/MVS/lib/32:/opt/ros/humble/opt/rviz_ogre_vendor/lib:/opt/ros/humble/lib/x86_64-linux-gnu:/opt/ros/humble/lib:/opt/MVS/lib/64:/opt/MVS/lib/32 PYTHONPATH=/home/xzq/project/ros2_ws/install/armor_interfaces/local/lib/python3.10/dist-packages:${PYTHONPATH} /usr/bin/cmake --build /home/xzq/project/ros2_ws/build/armor_pub -- -j12 -l12
[0.384s] [ 50%] [32mBuilding CXX object CMakeFiles/talker.dir/src/ArmorPubNode.cpp.o[0m
[0.389s] [01m[K/home/xzq/project/ros2_ws/src/ArmorPub/src/ArmorPubNode.cpp:1:10:[m[K [01;31m[Kfatal error: [m[KArmorPubNode.h: æ²¡æœ‰é‚£ä¸ªæ–‡ä»¶æˆ–ç›®å½•
[0.389s]     1 | #include [01;31m[K"ArmorPubNode.h"[m[K
[0.389s]       |          [01;31m[K^~~~~~~~~~~~~~~~[m[K
[0.389s] compilation terminated.
[0.390s] gmake[2]: *** [CMakeFiles/talker.dir/build.make:76ï¼šCMakeFiles/talker.dir/src/ArmorPubNode.cpp.o] é”™è¯¯ 1
[0.390s] gmake[1]: *** [CMakeFiles/Makefile2:137ï¼šCMakeFiles/talker.dir/all] é”™è¯¯ 2
[0.390s] gmake: *** [Makefile:146ï¼šall] é”™è¯¯ 2
[0.392s] Invoked command in '/home/xzq/project/ros2_ws/build/armor_pub' returned '2': AMENT_PREFIX_PATH=/home/xzq/project/ros2_ws/install/armor_interfaces:${AMENT_PREFIX_PATH} CMAKE_PREFIX_PATH=/home/xzq/project/ros2_ws/install/armor_interfaces:/opt/ros/humble LD_LIBRARY_PATH=/home/xzq/project/ros2_ws/install/armor_interfaces/lib:/opt/MVS/lib/64:/opt/MVS/lib/32:/opt/MVS/lib/64:/opt/MVS/lib/32:/opt/MVS/lib/64:/opt/MVS/lib/32:/opt/ros/humble/opt/rviz_ogre_vendor/lib:/opt/ros/humble/lib/x86_64-linux-gnu:/opt/ros/humble/lib:/opt/MVS/lib/64:/opt/MVS/lib/32 PYTHONPATH=/home/xzq/project/ros2_ws/install/armor_interfaces/local/lib/python3.10/dist-packages:${PYTHONPATH} /usr/bin/cmake --build /home/xzq/project/ros2_ws/build/armor_pub -- -j12 -l12
