[0.008s] Invoking command in '/home/xzq/project/armor_ws/build/armor_pub': AMENT_PREFIX_PATH=/home/xzq/project/armor_ws/install/armor_interfaces:${AMENT_PREFIX_PATH} CMAKE_PREFIX_PATH=/home/xzq/project/armor_ws/install/armor_interfaces:/opt/ros/humble LD_LIBRARY_PATH=/home/xzq/project/armor_ws/install/armor_interfaces/lib:/opt/MVS/lib/64:/opt/MVS/lib/32:/opt/MVS/lib/64:/opt/MVS/lib/32:/opt/MVS/lib/64:/opt/MVS/lib/32:/opt/ros/humble/opt/rviz_ogre_vendor/lib:/opt/ros/humble/lib/x86_64-linux-gnu:/opt/ros/humble/lib:/opt/MVS/lib/64:/opt/MVS/lib/32 PYTHONPATH=/home/xzq/project/armor_ws/install/armor_interfaces/local/lib/python3.10/dist-packages:${PYTHONPATH} /usr/bin/cmake --build /home/xzq/project/armor_ws/build/armor_pub -- -j12 -l12
[0.028s] [0m-- CMAKE_BUILD_TYPE: Release[0m
[0.028s] -- Found ament_cmake_auto: 1.3.11 (/opt/ros/humble/share/ament_cmake_auto/cmake)
[0.167s] -- Found rosidl_generator_c: 3.1.6 (/opt/ros/humble/share/rosidl_generator_c/cmake)
[0.168s] -- Found rosidl_adapter: 3.1.6 (/opt/ros/humble/share/rosidl_adapter/cmake)
[0.172s] -- Found rosidl_generator_cpp: 3.1.6 (/opt/ros/humble/share/rosidl_generator_cpp/cmake)
[0.178s] -- Using all available rosidl_typesupport_c: rosidl_typesupport_fastrtps_c;rosidl_typesupport_introspection_c
[0.184s] -- Using all available rosidl_typesupport_cpp: rosidl_typesupport_fastrtps_cpp;rosidl_typesupport_introspection_cpp
[0.203s] -- Found rmw_implementation_cmake: 6.1.2 (/opt/ros/humble/share/rmw_implementation_cmake/cmake)
[0.203s] -- Found rmw_fastrtps_cpp: 6.2.7 (/opt/ros/humble/share/rmw_fastrtps_cpp/cmake)
[0.263s] -- Using RMW implementation 'rmw_fastrtps_cpp' as default
[0.386s] -- Found eigen3_cmake_module: 0.1.1 (/opt/ros/humble/share/eigen3_cmake_module/cmake)
[0.386s] -- Ensuring Eigen3 include directory is part of orocos-kdl CMake target
[0.403s] -- Configuring done
[0.418s] -- Generating done
[0.423s] -- Build files have been written to: /home/xzq/project/armor_ws/build/armor_pub
[0.444s] [35m[1mConsolidate compiler generated dependencies of target armor_pub_node[0m
[0.445s] [35m[1mConsolidate compiler generated dependencies of target hik_driver[0m
[0.451s] [ 28%] [32mBuilding CXX object CMakeFiles/armor_pub.dir/src/armor_detector/detectLight.cpp.o[0m
[0.452s] [ 35%] [32mBuilding CXX object CMakeFiles/armor_pub.dir/src/armor_detector/readDealCheck.cpp.o[0m
[0.452s] [ 42%] [32mBuilding CXX object CMakeFiles/armor_pub.dir/src/armor_detector/show.cpp.o[0m
[0.452s] [ 28%] [32mBuilding CXX object CMakeFiles/armor_pub.dir/src/armor_detector/draw.cpp.o[0m
[0.452s] [ 28%] [32mBuilding CXX object CMakeFiles/armor_pub.dir/src/armor_detector/matchLight.cpp.o[0m
[0.452s] [ 50%] [32mBuilding CXX object CMakeFiles/armor_pub.dir/src/Light/Light.cpp.o[0m
[0.452s] [ 28%] [32mBuilding CXX object CMakeFiles/armor_pub.dir/src/Armor/Armor.cpp.o[0m
[0.452s] [ 57%] [32mBuilding CXX object CMakeFiles/armor_pub.dir/src/armor_detector/matchArmor.cpp.o[0m
[0.453s] [ 64%] [32mBuilding CXX object CMakeFiles/armor_pub.dir/src/pnpSlover/pnpSlover.cpp.o[0m
[0.456s] [ 78%] Built target armor_pub_node
[0.458s] [ 92%] Built target hik_driver
[0.595s] In file included from [01m[K/home/xzq/project/armor_ws/src/detectArmor/src/armor_detector/matchLight.cpp:1[m[K:
[0.595s] [01m[K/home/xzq/project/armor_ws/src/detectArmor/include/detect.h:7:10:[m[K [01;31m[Kfatal error: [m[KMvCameraControl.h: æ²¡æœ‰é‚£ä¸ªæ–‡ä»¶æˆ–ç›®å½•
[0.595s]     7 | #include [01;31m[K"MvCameraControl.h"[m[K
[0.595s]       |          [01;31m[K^~~~~~~~~~~~~~~~~~~[m[K
[0.595s] compilation terminated.
[0.596s] In file included from [01m[K/home/xzq/project/armor_ws/src/detectArmor/src/armor_detector/detectLight.cpp:1[m[K:
[0.596s] [01m[K/home/xzq/project/armor_ws/src/detectArmor/include/detect.h:7:10:[m[K [01;31m[Kfatal error: [m[KMvCameraControl.h: æ²¡æœ‰é‚£ä¸ªæ–‡ä»¶æˆ–ç›®å½•
[0.596s]     7 | #include [01;31m[K"MvCameraControl.h"[m[K
[0.596s]       |          [01;31m[K^~~~~~~~~~~~~~~~~~~[m[K
[0.596s] compilation terminated.
[0.598s] gmake[2]: *** [CMakeFiles/armor_pub.dir/build.make:146ï¼šCMakeFiles/armor_pub.dir/src/armor_detector/matchLight.cpp.o] é”™è¯¯ 1
[0.598s] gmake[2]: *** æ­£åœ¨ç­‰å¾…æœªå®Œæˆçš„ä»»åŠ¡....
[0.598s] gmake[2]: *** [CMakeFiles/armor_pub.dir/build.make:104ï¼šCMakeFiles/armor_pub.dir/src/armor_detector/detectLight.cpp.o] é”™è¯¯ 1
[0.599s] In file included from [01m[K/home/xzq/project/armor_ws/src/detectArmor/include/pnpslover.h:4[m[K,
[0.599s]                  from [01m[K/home/xzq/project/armor_ws/src/detectArmor/src/pnpSlover/pnpSlover.cpp:1[m[K:
[0.599s] [01m[K/home/xzq/project/armor_ws/src/detectArmor/include/detect.h:7:10:[m[K [01;31m[Kfatal error: [m[KMvCameraControl.h: æ²¡æœ‰é‚£ä¸ªæ–‡ä»¶æˆ–ç›®å½•
[0.599s]     7 | #include [01;31m[K"MvCameraControl.h"[m[K
[0.599s]       |          [01;31m[K^~~~~~~~~~~~~~~~~~~[m[K
[0.599s] compilation terminated.
[0.601s] gmake[2]: *** [CMakeFiles/armor_pub.dir/build.make:188ï¼šCMakeFiles/armor_pub.dir/src/pnpSlover/pnpSlover.cpp.o] é”™è¯¯ 1
[0.642s] In file included from [01m[K/home/xzq/project/armor_ws/src/detectArmor/src/armor_detector/show.cpp:1[m[K:
[0.642s] [01m[K/home/xzq/project/armor_ws/src/detectArmor/include/detect.h:7:10:[m[K [01;31m[Kfatal error: [m[KMvCameraControl.h: æ²¡æœ‰é‚£ä¸ªæ–‡ä»¶æˆ–ç›®å½•
[0.642s]     7 | #include [01;31m[K"MvCameraControl.h"[m[K
[0.642s]       |          [01;31m[K^~~~~~~~~~~~~~~~~~~[m[K
[0.642s] compilation terminated.
[0.642s] In file included from [01m[K/home/xzq/project/armor_ws/src/detectArmor/src/armor_detector/matchArmor.cpp:1[m[K:
[0.642s] [01m[K/home/xzq/project/armor_ws/src/detectArmor/include/detect.h:7:10:[m[K [01;31m[Kfatal error: [m[KMvCameraControl.h: æ²¡æœ‰é‚£ä¸ªæ–‡ä»¶æˆ–ç›®å½•
[0.642s]     7 | #include [01;31m[K"MvCameraControl.h"[m[K
[0.642s]       |          [01;31m[K^~~~~~~~~~~~~~~~~~~[m[K
[0.642s] compilation terminated.
[0.644s] gmake[2]: *** [CMakeFiles/armor_pub.dir/build.make:174ï¼šCMakeFiles/armor_pub.dir/src/armor_detector/show.cpp.o] é”™è¯¯ 1
[0.644s] gmake[2]: *** [CMakeFiles/armor_pub.dir/build.make:132ï¼šCMakeFiles/armor_pub.dir/src/armor_detector/matchArmor.cpp.o] é”™è¯¯ 1
[0.649s] In file included from [01m[K/home/xzq/project/armor_ws/src/detectArmor/src/armor_detector/readDealCheck.cpp:1[m[K:
[0.650s] [01m[K/home/xzq/project/armor_ws/src/detectArmor/include/detect.h:7:10:[m[K [01;31m[Kfatal error: [m[KMvCameraControl.h: æ²¡æœ‰é‚£ä¸ªæ–‡ä»¶æˆ–ç›®å½•
[0.650s]     7 | #include [01;31m[K"MvCameraControl.h"[m[K
[0.650s]       |          [01;31m[K^~~~~~~~~~~~~~~~~~~[m[K
[0.650s] compilation terminated.
[0.652s] In file included from [01m[K/home/xzq/project/armor_ws/src/detectArmor/src/armor_detector/draw.cpp:1[m[K:
[0.652s] [01m[K/home/xzq/project/armor_ws/src/detectArmor/include/detect.h:7:10:[m[K [01;31m[Kfatal error: [m[KMvCameraControl.h: æ²¡æœ‰é‚£ä¸ªæ–‡ä»¶æˆ–ç›®å½•
[0.652s]     7 | #include [01;31m[K"MvCameraControl.h"[m[K
[0.652s]       |          [01;31m[K^~~~~~~~~~~~~~~~~~~[m[K
[0.652s] gmake[2]: *** [CMakeFiles/armor_pub.dir/build.make:160ï¼šCMakeFiles/armor_pub.dir/src/armor_detector/readDealCheck.cpp.o] é”™è¯¯ 1
[0.652s] compilation terminated.
[0.654s] gmake[2]: *** [CMakeFiles/armor_pub.dir/build.make:118ï¼šCMakeFiles/armor_pub.dir/src/armor_detector/draw.cpp.o] é”™è¯¯ 1
[0.667s] In file included from [01m[K/home/xzq/project/armor_ws/src/detectArmor/src/Armor/Armor.cpp:1[m[K:
[0.667s] [01m[K/home/xzq/project/armor_ws/src/detectArmor/include/detect.h:7:10:[m[K [01;31m[Kfatal error: [m[KMvCameraControl.h: æ²¡æœ‰é‚£ä¸ªæ–‡ä»¶æˆ–ç›®å½•
[0.667s]     7 | #include [01;31m[K"MvCameraControl.h"[m[K
[0.667s]       |          [01;31m[K^~~~~~~~~~~~~~~~~~~[m[K
[0.667s] compilation terminated.
[0.669s] gmake[2]: *** [CMakeFiles/armor_pub.dir/build.make:76ï¼šCMakeFiles/armor_pub.dir/src/Armor/Armor.cpp.o] é”™è¯¯ 1
[0.671s] In file included from [01m[K/home/xzq/project/armor_ws/src/detectArmor/src/Light/Light.cpp:1[m[K:
[0.671s] [01m[K/home/xzq/project/armor_ws/src/detectArmor/include/detect.h:7:10:[m[K [01;31m[Kfatal error: [m[KMvCameraControl.h: æ²¡æœ‰é‚£ä¸ªæ–‡ä»¶æˆ–ç›®å½•
[0.671s]     7 | #include [01;31m[K"MvCameraControl.h"[m[K
[0.671s]       |          [01;31m[K^~~~~~~~~~~~~~~~~~~[m[K
[0.671s] compilation terminated.
[0.674s] gmake[2]: *** [CMakeFiles/armor_pub.dir/build.make:90ï¼šCMakeFiles/armor_pub.dir/src/Light/Light.cpp.o] é”™è¯¯ 1
[0.674s] gmake[1]: *** [CMakeFiles/Makefile2:156ï¼šCMakeFiles/armor_pub.dir/all] é”™è¯¯ 2
[0.674s] gmake: *** [Makefile:146ï¼šall] é”™è¯¯ 2
[0.676s] Invoked command in '/home/xzq/project/armor_ws/build/armor_pub' returned '2': AMENT_PREFIX_PATH=/home/xzq/project/armor_ws/install/armor_interfaces:${AMENT_PREFIX_PATH} CMAKE_PREFIX_PATH=/home/xzq/project/armor_ws/install/armor_interfaces:/opt/ros/humble LD_LIBRARY_PATH=/home/xzq/project/armor_ws/install/armor_interfaces/lib:/opt/MVS/lib/64:/opt/MVS/lib/32:/opt/MVS/lib/64:/opt/MVS/lib/32:/opt/MVS/lib/64:/opt/MVS/lib/32:/opt/ros/humble/opt/rviz_ogre_vendor/lib:/opt/ros/humble/lib/x86_64-linux-gnu:/opt/ros/humble/lib:/opt/MVS/lib/64:/opt/MVS/lib/32 PYTHONPATH=/home/xzq/project/armor_ws/install/armor_interfaces/local/lib/python3.10/dist-packages:${PYTHONPATH} /usr/bin/cmake --build /home/xzq/project/armor_ws/build/armor_pub -- -j12 -l12
