[01m[K/home/xzq/project/ros2_ws/src/ArmorSub/src/ArmorSubNode.cpp:1:10:[m[K [01;31m[Kfatal error: [m[KArmorSubNode.h: æ²¡æœ‰é‚£ä¸ªæ–‡ä»¶æˆ–ç›®å½•
    1 | #include [01;31m[K"ArmorSubNode.h"[m[K
      |          [01;31m[K^~~~~~~~~~~~~~~~[m[K
compilation terminated.
gmake[2]: *** [CMakeFiles/listener.dir/build.make:76ï¼šCMakeFiles/listener.dir/src/ArmorSubNode.cpp.o] é”™è¯¯ 1
gmake[1]: *** [CMakeFiles/Makefile2:137ï¼šCMakeFiles/listener.dir/all] é”™è¯¯ 2
gmake: *** [Makefile:146ï¼šall] é”™è¯¯ 2
