[0.009s] Invoking command in '/home/xzq/project/ros2_ws3/build/cpp_pubsub': CMAKE_PREFIX_PATH=${CMAKE_PREFIX_PATH}:/opt/ros/humble LD_LIBRARY_PATH=/home/xzq/project/ros2_ws3/install/tutorial_interfaces/lib:/opt/MVS/lib/64:/opt/MVS/lib/32:/opt/MVS/lib/64:/opt/MVS/lib/32:/opt/MVS/lib/64:/opt/MVS/lib/32:/opt/ros/humble/opt/rviz_ogre_vendor/lib:/opt/ros/humble/lib/x86_64-linux-gnu:/opt/ros/humble/lib:/opt/MVS/lib/64:/opt/MVS/lib/32 /usr/bin/cmake /home/xzq/project/ros2_ws3/src/cpp_pubsub -DCMAKE_INSTALL_PREFIX=/home/xzq/project/ros2_ws3/install/cpp_pubsub
[0.018s] -- Found ament_cmake: 1.3.11 (/opt/ros/humble/share/ament_cmake/cmake)
[0.092s] -- Override CMake install command with custom implementation using symlinks instead of copying resources
[0.096s] -- Found rclcpp: 16.0.11 (/opt/ros/humble/share/rclcpp/cmake)
[0.111s] -- Found rosidl_generator_c: 3.1.6 (/opt/ros/humble/share/rosidl_generator_c/cmake)
[0.113s] -- Found rosidl_adapter: 3.1.6 (/opt/ros/humble/share/rosidl_adapter/cmake)
[0.116s] -- Found rosidl_generator_cpp: 3.1.6 (/opt/ros/humble/share/rosidl_generator_cpp/cmake)
[0.121s] -- Using all available rosidl_typesupport_c: rosidl_typesupport_fastrtps_c;rosidl_typesupport_introspection_c
[0.128s] -- Using all available rosidl_typesupport_cpp: rosidl_typesupport_fastrtps_cpp;rosidl_typesupport_introspection_cpp
[0.146s] -- Found rmw_implementation_cmake: 6.1.2 (/opt/ros/humble/share/rmw_implementation_cmake/cmake)
[0.147s] -- Found rmw_fastrtps_cpp: 6.2.7 (/opt/ros/humble/share/rmw_fastrtps_cpp/cmake)
[0.206s] -- Using RMW implementation 'rmw_fastrtps_cpp' as default
[0.233s] -- Found tutorial_interfaces: 0.0.0 (/home/xzq/project/ros2_ws3/install/tutorial_interfaces/share/tutorial_interfaces/cmake)
[0.248s] -- Found ament_lint_auto: 0.12.11 (/opt/ros/humble/share/ament_lint_auto/cmake)
[0.292s] -- Added test 'cppcheck' to perform static code analysis on C / C++ code
[0.292s] -- Configured cppcheck include dirs: 
[0.292s] -- Configured cppcheck exclude dirs and/or files: 
[0.292s] -- Added test 'lint_cmake' to check CMake code style
[0.292s] -- Added test 'uncrustify' to check C / C++ code style
[0.292s] -- Configured uncrustify additional arguments: 
[0.292s] -- Added test 'xmllint' to check XML markup files
[0.293s] -- Configuring done
[0.300s] -- Generating done
[0.303s] -- Build files have been written to: /home/xzq/project/ros2_ws3/build/cpp_pubsub
[0.308s] Invoked command in '/home/xzq/project/ros2_ws3/build/cpp_pubsub' returned '0': CMAKE_PREFIX_PATH=${CMAKE_PREFIX_PATH}:/opt/ros/humble LD_LIBRARY_PATH=/home/xzq/project/ros2_ws3/install/tutorial_interfaces/lib:/opt/MVS/lib/64:/opt/MVS/lib/32:/opt/MVS/lib/64:/opt/MVS/lib/32:/opt/MVS/lib/64:/opt/MVS/lib/32:/opt/ros/humble/opt/rviz_ogre_vendor/lib:/opt/ros/humble/lib/x86_64-linux-gnu:/opt/ros/humble/lib:/opt/MVS/lib/64:/opt/MVS/lib/32 /usr/bin/cmake /home/xzq/project/ros2_ws3/src/cpp_pubsub -DCMAKE_INSTALL_PREFIX=/home/xzq/project/ros2_ws3/install/cpp_pubsub
[0.310s] Invoking command in '/home/xzq/project/ros2_ws3/build/cpp_pubsub': CMAKE_PREFIX_PATH=${CMAKE_PREFIX_PATH}:/opt/ros/humble LD_LIBRARY_PATH=/home/xzq/project/ros2_ws3/install/tutorial_interfaces/lib:/opt/MVS/lib/64:/opt/MVS/lib/32:/opt/MVS/lib/64:/opt/MVS/lib/32:/opt/MVS/lib/64:/opt/MVS/lib/32:/opt/ros/humble/opt/rviz_ogre_vendor/lib:/opt/ros/humble/lib/x86_64-linux-gnu:/opt/ros/humble/lib:/opt/MVS/lib/64:/opt/MVS/lib/32 /usr/bin/cmake --build /home/xzq/project/ros2_ws3/build/cpp_pubsub -- -j12 -l12
[0.343s] [ 25%] [32mBuilding CXX object CMakeFiles/listener.dir/src/subscriber_member_function.cpp.o[0m
[0.345s] [ 50%] [32mBuilding CXX object CMakeFiles/talker.dir/src/publisher_member_function.cpp.o[0m
[0.449s] [01m[K/home/xzq/project/ros2_ws3/src/cpp_pubsub/src/subscriber_member_function.cpp:2:10:[m[K [01;31m[Kfatal error: [m[Ktutorial_interfaces/include/tutorial_interfaces/tutorial_interfaces/msg/armor_msg.hpp: æ²¡æœ‰é‚£ä¸ªæ–‡ä»¶æˆ–ç›®å½•
[0.449s]     2 | #include [01;31m[K"tutorial_interfaces/include/tutorial_interfaces/tutorial_interfaces/msg/armor_msg.hpp"[m[K  // å¯¼å…¥è‡ªå®šä¹‰æ¶ˆæ¯
[0.449s]       |          [01;31m[K^~~~~~~~~~~~~~~~~~~~~~~~~~~~~~~~~~~~~~~~~~~~~~~~~~~~~~~~~~~~~~~~~~~~~~~~~~~~~~~~~~~~~~~[m[K
[0.449s] compilation terminated.
[0.453s] gmake[2]: *** [CMakeFiles/listener.dir/build.make:76ï¼šCMakeFiles/listener.dir/src/subscriber_member_function.cpp.o] é”™è¯¯ 1
[0.453s] gmake[1]: *** [CMakeFiles/Makefile2:165ï¼šCMakeFiles/listener.dir/all] é”™è¯¯ 2
[0.453s] gmake[1]: *** æ­£åœ¨ç­‰å¾…æœªå®Œæˆçš„ä»»åŠ¡....
[0.455s] [01m[K/home/xzq/project/ros2_ws3/src/cpp_pubsub/src/publisher_member_function.cpp:2:10:[m[K [01;31m[Kfatal error: [m[Ktutorial_interfaces/include/tutorial_interfaces/tutorial_interfaces/msg/armor_msg.hpp: æ²¡æœ‰é‚£ä¸ªæ–‡ä»¶æˆ–ç›®å½•
[0.455s]     2 | #include [01;31m[K"tutorial_interfaces/include/tutorial_interfaces/tutorial_interfaces/msg/armor_msg.hpp"[m[K  // å¯¼å…¥è‡ªå®šä¹‰æ¶ˆæ¯// å¯¼å…¥è‡ªå®šä¹‰æ¶ˆæ¯
[0.455s]       |          [01;31m[K^~~~~~~~~~~~~~~~~~~~~~~~~~~~~~~~~~~~~~~~~~~~~~~~~~~~~~~~~~~~~~~~~~~~~~~~~~~~~~~~~~~~~~~[m[K
[0.455s] compilation terminated.
[0.457s] gmake[2]: *** [CMakeFiles/talker.dir/build.make:76ï¼šCMakeFiles/talker.dir/src/publisher_member_function.cpp.o] é”™è¯¯ 1
[0.458s] gmake[1]: *** [CMakeFiles/Makefile2:139ï¼šCMakeFiles/talker.dir/all] é”™è¯¯ 2
[0.458s] gmake: *** [Makefile:146ï¼šall] é”™è¯¯ 2
[0.460s] Invoked command in '/home/xzq/project/ros2_ws3/build/cpp_pubsub' returned '2': CMAKE_PREFIX_PATH=${CMAKE_PREFIX_PATH}:/opt/ros/humble LD_LIBRARY_PATH=/home/xzq/project/ros2_ws3/install/tutorial_interfaces/lib:/opt/MVS/lib/64:/opt/MVS/lib/32:/opt/MVS/lib/64:/opt/MVS/lib/32:/opt/MVS/lib/64:/opt/MVS/lib/32:/opt/ros/humble/opt/rviz_ogre_vendor/lib:/opt/ros/humble/lib/x86_64-linux-gnu:/opt/ros/humble/lib:/opt/MVS/lib/64:/opt/MVS/lib/32 /usr/bin/cmake --build /home/xzq/project/ros2_ws3/build/cpp_pubsub -- -j12 -l12
