[35m[1mConsolidate compiler generated dependencies of target hik_driver[0m
[35m[1mConsolidate compiler generated dependencies of target armor_pub_node[0m
[  7%] [32mBuilding CXX object CMakeFiles/armor_pub.dir/src/Light/Light.cpp.o[0m
[ 14%] [32mBuilding CXX object CMakeFiles/armor_pub.dir/src/Armor/Armor.cpp.o[0m
[ 42%] [32mBuilding CXX object CMakeFiles/armor_pub.dir/src/armor_detector/draw.cpp.o[0m
[ 42%] Built target hik_driver
[ 42%] [32mBuilding CXX object CMakeFiles/armor_pub.dir/src/armor_detector/detectLight.cpp.o[0m
[ 50%] [32mBuilding CXX object CMakeFiles/armor_pub.dir/src/armor_detector/matchArmor.cpp.o[0m
[ 57%] [32mBuilding CXX object CMakeFiles/armor_pub.dir/src/armor_detector/matchLight.cpp.o[0m
[ 71%] Built target armor_pub_node
[ 78%] [32mBuilding CXX object CMakeFiles/armor_pub.dir/src/armor_detector/readDealCheck.cpp.o[0m
[ 85%] [32mBuilding CXX object CMakeFiles/armor_pub.dir/src/armor_detector/show.cpp.o[0m
[ 92%] [32mBuilding CXX object CMakeFiles/armor_pub.dir/src/pnpSlover/pnpSlover.cpp.o[0m
In file included from [01m[K/home/xzq/project/armor_ws/src/detectArmor/src/armor_detector/detectLight.cpp:1[m[K:
[01m[K/home/xzq/project/armor_ws/src/detectArmor/include/detect.h:7:10:[m[K [01;31m[Kfatal error: [m[KMvCameraControl.h: 没有那个文件或目录
    7 | #include [01;31m[K"MvCameraControl.h"[m[K
      |          [01;31m[K^~~~~~~~~~~~~~~~~~~[m[K
compilation terminated.
gmake[2]: *** [CMakeFiles/armor_pub.dir/build.make:104：CMakeFiles/armor_pub.dir/src/armor_detector/detectLight.cpp.o] 错误 1
gmake[2]: *** 正在等待未完成的任务....
In file included from [01m[K/home/xzq/project/armor_ws/src/detectArmor/src/armor_detector/draw.cpp:1[m[K:
[01m[K/home/xzq/project/armor_ws/src/detectArmor/include/detect.h:7:10:[m[K [01;31m[Kfatal error: [m[KMvCameraControl.h: 没有那个文件或目录
    7 | #include [01;31m[K"MvCameraControl.h"[m[K
      |          [01;31m[K^~~~~~~~~~~~~~~~~~~[m[K
compilation terminated.
gmake[2]: *** [CMakeFiles/armor_pub.dir/build.make:118：CMakeFiles/armor_pub.dir/src/armor_detector/draw.cpp.o] 错误 1
In file included from [01m[K/home/xzq/project/armor_ws/src/detectArmor/include/pnpslover.h:4[m[K,
                 from [01m[K/home/xzq/project/armor_ws/src/detectArmor/src/pnpSlover/pnpSlover.cpp:1[m[K:
[01m[K/home/xzq/project/armor_ws/src/detectArmor/include/detect.h:7:10:[m[K [01;31m[Kfatal error: [m[KMvCameraControl.h: 没有那个文件或目录
    7 | #include [01;31m[K"MvCameraControl.h"[m[K
      |          [01;31m[K^~~~~~~~~~~~~~~~~~~[m[K
compilation terminated.
gmake[2]: *** [CMakeFiles/armor_pub.dir/build.make:188：CMakeFiles/armor_pub.dir/src/pnpSlover/pnpSlover.cpp.o] 错误 1
In file included from [01m[K/home/xzq/project/armor_ws/src/detectArmor/src/Armor/Armor.cpp:1[m[K:
[01m[K/home/xzq/project/armor_ws/src/detectArmor/include/detect.h:7:10:[m[K [01;31m[Kfatal error: [m[KMvCameraControl.h: 没有那个文件或目录
    7 | #include [01;31m[K"MvCameraControl.h"[m[K
      |          [01;31m[K^~~~~~~~~~~~~~~~~~~[m[K
compilation terminated.
gmake[2]: *** [CMakeFiles/armor_pub.dir/build.make:76：CMakeFiles/armor_pub.dir/src/Armor/Armor.cpp.o] 错误 1
In file included from [01m[K/home/xzq/project/armor_ws/src/detectArmor/src/armor_detector/matchArmor.cpp:1[m[K:
[01m[K/home/xzq/project/armor_ws/src/detectArmor/include/detect.h:7:10:[m[K [01;31m[Kfatal error: [m[KMvCameraControl.h: 没有那个文件或目录
    7 | #include [01;31m[K"MvCameraControl.h"[m[K
      |          [01;31m[K^~~~~~~~~~~~~~~~~~~[m[K
compilation terminated.
In file included from [01m[K/home/xzq/project/armor_ws/src/detectArmor/src/armor_detector/matchLight.cpp:1[m[K:
[01m[K/home/xzq/project/armor_ws/src/detectArmor/include/detect.h:7:10:[m[K [01;31m[Kfatal error: [m[KMvCameraControl.h: 没有那个文件或目录
    7 | #include [01;31m[K"MvCameraControl.h"[m[K
      |          [01;31m[K^~~~~~~~~~~~~~~~~~~[m[K
compilation terminated.
gmake[2]: *** [CMakeFiles/armor_pub.dir/build.make:132：CMakeFiles/armor_pub.dir/src/armor_detector/matchArmor.cpp.o] 错误 1
In file included from [01m[K/home/xzq/project/armor_ws/src/detectArmor/src/armor_detector/readDealCheck.cpp:1[m[K:
[01m[K/home/xzq/project/armor_ws/src/detectArmor/include/detect.h:7:10:[m[K [01;31m[Kfatal error: [m[KMvCameraControl.h: 没有那个文件或目录
    7 | #include [01;31m[K"MvCameraControl.h"[m[K
      |          [01;31m[K^~~~~~~~~~~~~~~~~~~[m[K
compilation terminated.
In file included from [01m[K/home/xzq/project/armor_ws/src/detectArmor/src/armor_detector/show.cpp:1[m[K:
[01m[K/home/xzq/project/armor_ws/src/detectArmor/include/detect.h:7:10:[m[K [01;31m[Kfatal error: [m[KMvCameraControl.h: 没有那个文件或目录
    7 | #include [01;31m[K"MvCameraControl.h"[m[K
      |          [01;31m[K^~~~~~~~~~~~~~~~~~~[m[K
compilation terminated.
gmake[2]: *** [CMakeFiles/armor_pub.dir/build.make:146：CMakeFiles/armor_pub.dir/src/armor_detector/matchLight.cpp.o] 错误 1
gmake[2]: *** [CMakeFiles/armor_pub.dir/build.make:160：CMakeFiles/armor_pub.dir/src/armor_detector/readDealCheck.cpp.o] 错误 1
gmake[2]: *** [CMakeFiles/armor_pub.dir/build.make:174：CMakeFiles/armor_pub.dir/src/armor_detector/show.cpp.o] 错误 1
In file included from [01m[K/home/xzq/project/armor_ws/src/detectArmor/src/Light/Light.cpp:1[m[K:
[01m[K/home/xzq/project/armor_ws/src/detectArmor/include/detect.h:7:10:[m[K [01;31m[Kfatal error: [m[KMvCameraControl.h: 没有那个文件或目录
    7 | #include [01;31m[K"MvCameraControl.h"[m[K
      |          [01;31m[K^~~~~~~~~~~~~~~~~~~[m[K
compilation terminated.
gmake[2]: *** [CMakeFiles/armor_pub.dir/build.make:90：CMakeFiles/armor_pub.dir/src/Light/Light.cpp.o] 错误 1
gmake[1]: *** [CMakeFiles/Makefile2:156：CMakeFiles/armor_pub.dir/all] 错误 2
gmake: *** [Makefile:146：all] 错误 2
