[0.006s] Invoking command in '/home/xzq/project/armor_ws/build/armor_pub': AMENT_PREFIX_PATH=/home/xzq/project/armor_ws/install/armor_interfaces:${AMENT_PREFIX_PATH} CMAKE_PREFIX_PATH=/home/xzq/project/armor_ws/install/armor_interfaces:/opt/ros/humble LD_LIBRARY_PATH=/home/xzq/project/armor_ws/install/armor_interfaces/lib:/opt/MVS/lib/64:/opt/MVS/lib/32:/opt/MVS/lib/64:/opt/MVS/lib/32:/opt/MVS/lib/64:/opt/MVS/lib/32:/opt/ros/humble/opt/rviz_ogre_vendor/lib:/opt/ros/humble/lib/x86_64-linux-gnu:/opt/ros/humble/lib:/opt/MVS/lib/64:/opt/MVS/lib/32 PYTHONPATH=/home/xzq/project/armor_ws/install/armor_interfaces/local/lib/python3.10/dist-packages:${PYTHONPATH} /usr/bin/cmake /home/xzq/project/armor_ws/src/detectArmor -DCMAKE_INSTALL_PREFIX=/home/xzq/project/armor_ws/install/armor_pub
[0.020s] [0m-- CMAKE_BUILD_TYPE: Release[0m
[0.020s] -- Found ament_cmake_auto: 1.3.11 (/opt/ros/humble/share/ament_cmake_auto/cmake)
[0.158s] -- Found rosidl_generator_c: 3.1.6 (/opt/ros/humble/share/rosidl_generator_c/cmake)
[0.159s] -- Found rosidl_adapter: 3.1.6 (/opt/ros/humble/share/rosidl_adapter/cmake)
[0.162s] -- Found rosidl_generator_cpp: 3.1.6 (/opt/ros/humble/share/rosidl_generator_cpp/cmake)
[0.168s] -- Using all available rosidl_typesupport_c: rosidl_typesupport_fastrtps_c;rosidl_typesupport_introspection_c
[0.174s] -- Using all available rosidl_typesupport_cpp: rosidl_typesupport_fastrtps_cpp;rosidl_typesupport_introspection_cpp
[0.193s] -- Found rmw_implementation_cmake: 6.1.2 (/opt/ros/humble/share/rmw_implementation_cmake/cmake)
[0.194s] -- Found rmw_fastrtps_cpp: 6.2.7 (/opt/ros/humble/share/rmw_fastrtps_cpp/cmake)
[0.254s] -- Using RMW implementation 'rmw_fastrtps_cpp' as default
[0.376s] -- Found eigen3_cmake_module: 0.1.1 (/opt/ros/humble/share/eigen3_cmake_module/cmake)
[0.377s] -- Ensuring Eigen3 include directory is part of orocos-kdl CMake target
[0.392s] -- Configuring done
[0.409s] -- Generating done
[0.414s] -- Build files have been written to: /home/xzq/project/armor_ws/build/armor_pub
[0.421s] Invoked command in '/home/xzq/project/armor_ws/build/armor_pub' returned '0': AMENT_PREFIX_PATH=/home/xzq/project/armor_ws/install/armor_interfaces:${AMENT_PREFIX_PATH} CMAKE_PREFIX_PATH=/home/xzq/project/armor_ws/install/armor_interfaces:/opt/ros/humble LD_LIBRARY_PATH=/home/xzq/project/armor_ws/install/armor_interfaces/lib:/opt/MVS/lib/64:/opt/MVS/lib/32:/opt/MVS/lib/64:/opt/MVS/lib/32:/opt/MVS/lib/64:/opt/MVS/lib/32:/opt/ros/humble/opt/rviz_ogre_vendor/lib:/opt/ros/humble/lib/x86_64-linux-gnu:/opt/ros/humble/lib:/opt/MVS/lib/64:/opt/MVS/lib/32 PYTHONPATH=/home/xzq/project/armor_ws/install/armor_interfaces/local/lib/python3.10/dist-packages:${PYTHONPATH} /usr/bin/cmake /home/xzq/project/armor_ws/src/detectArmor -DCMAKE_INSTALL_PREFIX=/home/xzq/project/armor_ws/install/armor_pub
[0.422s] Invoking command in '/home/xzq/project/armor_ws/build/armor_pub': AMENT_PREFIX_PATH=/home/xzq/project/armor_ws/install/armor_interfaces:${AMENT_PREFIX_PATH} CMAKE_PREFIX_PATH=/home/xzq/project/armor_ws/install/armor_interfaces:/opt/ros/humble LD_LIBRARY_PATH=/home/xzq/project/armor_ws/install/armor_interfaces/lib:/opt/MVS/lib/64:/opt/MVS/lib/32:/opt/MVS/lib/64:/opt/MVS/lib/32:/opt/MVS/lib/64:/opt/MVS/lib/32:/opt/ros/humble/opt/rviz_ogre_vendor/lib:/opt/ros/humble/lib/x86_64-linux-gnu:/opt/ros/humble/lib:/opt/MVS/lib/64:/opt/MVS/lib/32 PYTHONPATH=/home/xzq/project/armor_ws/install/armor_interfaces/local/lib/python3.10/dist-packages:${PYTHONPATH} /usr/bin/cmake --build /home/xzq/project/armor_ws/build/armor_pub -- -j12 -l12
[0.454s] [ 14%] [32mBuilding CXX object CMakeFiles/armor_pub_node.dir/rclcpp_components/node_main_armor_pub_node.cpp.o[0m
[0.454s] [ 14%] [32mBuilding CXX object HikDriver/CMakeFiles/hik_driver.dir/src/HikDriver.cpp.o[0m
[0.454s] [ 50%] [32mBuilding CXX object CMakeFiles/armor_pub.dir/src/Armor/Armor.cpp.o[0m
[0.454s] [ 21%] [32mBuilding CXX object CMakeFiles/armor_pub.dir/src/armor_detector/matchArmor.cpp.o[0m
[0.454s] [ 28%] [32mBuilding CXX object CMakeFiles/armor_pub.dir/src/armor_detector/matchLight.cpp.o[0m
[0.455s] [ 64%] [32mBuilding CXX object CMakeFiles/armor_pub.dir/src/armor_detector/draw.cpp.o[0m
[0.455s] [ 64%] [32mBuilding CXX object CMakeFiles/armor_pub.dir/src/armor_detector/detectLight.cpp.o[0m
[0.455s] [ 35%] [32mBuilding CXX object CMakeFiles/armor_pub.dir/src/armor_detector/readDealCheck.cpp.o[0m
[0.455s] [ 64%] [32mBuilding CXX object CMakeFiles/armor_pub.dir/src/Light/Light.cpp.o[0m
[0.457s] [ 71%] [32mBuilding CXX object CMakeFiles/armor_pub.dir/src/pnpSlover/pnpSlover.cpp.o[0m
[0.459s] [ 78%] [32mBuilding CXX object CMakeFiles/armor_pub.dir/src/armor_detector/show.cpp.o[0m
[0.660s] In file included from [01m[K/home/xzq/project/armor_ws/src/detectArmor/src/armor_detector/show.cpp:1[m[K:
[0.662s] [01m[K/home/xzq/project/armor_ws/src/detectArmor/include/detect.h:7:10:[m[K [01;31m[Kfatal error: [m[KMvCameraControl.h: æ²¡æœ‰é‚£ä¸ªæ–‡ä»¶æˆ–ç›®å½•
[0.662s]     7 | #include [01;31m[K"MvCameraControl.h"[m[K
[0.662s]       |          [01;31m[K^~~~~~~~~~~~~~~~~~~[m[K
[0.662s] compilation terminated.
[0.663s] gmake[2]: *** [CMakeFiles/armor_pub.dir/build.make:174ï¼šCMakeFiles/armor_pub.dir/src/armor_detector/show.cpp.o] é”™è¯¯ 1
[0.663s] gmake[2]: *** æ­£åœ¨ç­‰å¾…æœªå®Œæˆçš„ä»»åŠ¡....
[0.664s] In file included from [01m[K/home/xzq/project/armor_ws/src/detectArmor/src/Light/Light.cpp:1[m[K:
[0.664s] [01m[K/home/xzq/project/armor_ws/src/detectArmor/include/detect.h:7:10:[m[K [01;31m[Kfatal error: [m[KMvCameraControl.h: æ²¡æœ‰é‚£ä¸ªæ–‡ä»¶æˆ–ç›®å½•
[0.664s]     7 | #include [01;31m[K"MvCameraControl.h"[m[K
[0.664s]       |          [01;31m[K^~~~~~~~~~~~~~~~~~~[m[K
[0.664s] compilation terminated.
[0.665s] In file included from [01m[K/home/xzq/project/armor_ws/src/detectArmor/src/armor_detector/matchArmor.cpp:1[m[K:
[0.665s] [01m[K/home/xzq/project/armor_ws/src/detectArmor/include/detect.h:7:10:[m[K [01;31m[Kfatal error: [m[KMvCameraControl.h: æ²¡æœ‰é‚£ä¸ªæ–‡ä»¶æˆ–ç›®å½•
[0.665s]     7 | #include [01;31m[K"MvCameraControl.h"[m[K
[0.665s]       |          [01;31m[K^~~~~~~~~~~~~~~~~~~[m[K
[0.665s] compilation terminated.
[0.666s] gmake[2]: *** [CMakeFiles/armor_pub.dir/build.make:90ï¼šCMakeFiles/armor_pub.dir/src/Light/Light.cpp.o] é”™è¯¯ 1
[0.667s] gmake[2]: *** [CMakeFiles/armor_pub.dir/build.make:132ï¼šCMakeFiles/armor_pub.dir/src/armor_detector/matchArmor.cpp.o] é”™è¯¯ 1
[0.667s] In file included from [01m[K/home/xzq/project/armor_ws/src/detectArmor/src/Armor/Armor.cpp:1[m[K:
[0.667s] [01m[K/home/xzq/project/armor_ws/src/detectArmor/include/detect.h:7:10:[m[K [01;31m[Kfatal error: [m[KMvCameraControl.h: æ²¡æœ‰é‚£ä¸ªæ–‡ä»¶æˆ–ç›®å½•
[0.667s]     7 | #include [01;31m[K"MvCameraControl.h"[m[K
[0.667s]       |          [01;31m[K^~~~~~~~~~~~~~~~~~~[m[K
[0.667s] compilation terminated.
[0.671s] gmake[2]: *** [CMakeFiles/armor_pub.dir/build.make:76ï¼šCMakeFiles/armor_pub.dir/src/Armor/Armor.cpp.o] é”™è¯¯ 1
[0.688s] In file included from [01m[K/home/xzq/project/armor_ws/src/detectArmor/src/armor_detector/matchLight.cpp:1[m[K:
[0.688s] [01m[K/home/xzq/project/armor_ws/src/detectArmor/include/detect.h:7:10:[m[K [01;31m[Kfatal error: [m[KMvCameraControl.h: æ²¡æœ‰é‚£ä¸ªæ–‡ä»¶æˆ–ç›®å½•
[0.688s]     7 | #include [01;31m[K"MvCameraControl.h"[m[K
[0.688s]       |          [01;31m[K^~~~~~~~~~~~~~~~~~~[m[K
[0.688s] compilation terminated.
[0.690s] In file included from [01m[K/home/xzq/project/armor_ws/src/detectArmor/src/armor_detector/readDealCheck.cpp:1[m[K:
[0.690s] [01m[K/home/xzq/project/armor_ws/src/detectArmor/include/detect.h:7:10:[m[K [01;31m[Kfatal error: [m[KMvCameraControl.h: æ²¡æœ‰é‚£ä¸ªæ–‡ä»¶æˆ–ç›®å½•
[0.690s]     7 | #include [01;31m[K"MvCameraControl.h"[m[K
[0.690s]       |          [01;31m[K^~~~~~~~~~~~~~~~~~~[m[K
[0.690s] compilation terminated.
[0.690s] gmake[2]: *** [CMakeFiles/armor_pub.dir/build.make:146ï¼šCMakeFiles/armor_pub.dir/src/armor_detector/matchLight.cpp.o] é”™è¯¯ 1
[0.691s] gmake[2]: *** [CMakeFiles/armor_pub.dir/build.make:160ï¼šCMakeFiles/armor_pub.dir/src/armor_detector/readDealCheck.cpp.o] é”™è¯¯ 1
[0.723s] In file included from [01m[K/home/xzq/project/armor_ws/src/detectArmor/include/pnpslover.h:4[m[K,
[0.723s]                  from [01m[K/home/xzq/project/armor_ws/src/detectArmor/src/pnpSlover/pnpSlover.cpp:1[m[K:
[0.724s] [01m[K/home/xzq/project/armor_ws/src/detectArmor/include/detect.h:7:10:[m[K [01;31m[Kfatal error: [m[KMvCameraControl.h: æ²¡æœ‰é‚£ä¸ªæ–‡ä»¶æˆ–ç›®å½•
[0.724s]     7 | #include [01;31m[K"MvCameraControl.h"[m[K
[0.724s]       |          [01;31m[K^~~~~~~~~~~~~~~~~~~[m[K
[0.724s] compilation terminated.
[0.726s] gmake[2]: *** [CMakeFiles/armor_pub.dir/build.make:188ï¼šCMakeFiles/armor_pub.dir/src/pnpSlover/pnpSlover.cpp.o] é”™è¯¯ 1
[0.731s] In file included from [01m[K/home/xzq/project/armor_ws/src/detectArmor/src/armor_detector/detectLight.cpp:1[m[K:
[0.732s] [01m[K/home/xzq/project/armor_ws/src/detectArmor/include/detect.h:7:10:[m[K [01;31m[Kfatal error: [m[KMvCameraControl.h: æ²¡æœ‰é‚£ä¸ªæ–‡ä»¶æˆ–ç›®å½•
[0.732s]     7 | #include [01;31m[K"MvCameraControl.h"[m[K
[0.732s]       |          [01;31m[K^~~~~~~~~~~~~~~~~~~[m[K
[0.732s] compilation terminated.
[0.732s] In file included from [01m[K/home/xzq/project/armor_ws/src/detectArmor/src/armor_detector/draw.cpp:1[m[K:
[0.732s] [01m[K/home/xzq/project/armor_ws/src/detectArmor/include/detect.h:7:10:[m[K [01;31m[Kfatal error: [m[KMvCameraControl.h: æ²¡æœ‰é‚£ä¸ªæ–‡ä»¶æˆ–ç›®å½•
[0.732s]     7 | #include [01;31m[K"MvCameraControl.h"[m[K
[0.732s]       |          [01;31m[K^~~~~~~~~~~~~~~~~~~[m[K
[0.732s] compilation terminated.
[0.733s] gmake[2]: *** [CMakeFiles/armor_pub.dir/build.make:118ï¼šCMakeFiles/armor_pub.dir/src/armor_detector/draw.cpp.o] é”™è¯¯ 1
[0.733s] gmake[2]: *** [CMakeFiles/armor_pub.dir/build.make:104ï¼šCMakeFiles/armor_pub.dir/src/armor_detector/detectLight.cpp.o] é”™è¯¯ 1
[0.734s] gmake[1]: *** [CMakeFiles/Makefile2:156ï¼šCMakeFiles/armor_pub.dir/all] é”™è¯¯ 2
[0.734s] gmake[1]: *** æ­£åœ¨ç­‰å¾…æœªå®Œæˆçš„ä»»åŠ¡....
[1.818s] [ 85%] [32m[1mLinking CXX static library libhik_driver.a[0m
[1.873s] [ 85%] Built target hik_driver
[2.736s] [ 92%] [32m[1mLinking CXX executable armor_pub_node[0m
[2.814s] [ 92%] Built target armor_pub_node
[2.814s] gmake: *** [Makefile:146ï¼šall] é”™è¯¯ 2
[2.816s] Invoked command in '/home/xzq/project/armor_ws/build/armor_pub' returned '2': AMENT_PREFIX_PATH=/home/xzq/project/armor_ws/install/armor_interfaces:${AMENT_PREFIX_PATH} CMAKE_PREFIX_PATH=/home/xzq/project/armor_ws/install/armor_interfaces:/opt/ros/humble LD_LIBRARY_PATH=/home/xzq/project/armor_ws/install/armor_interfaces/lib:/opt/MVS/lib/64:/opt/MVS/lib/32:/opt/MVS/lib/64:/opt/MVS/lib/32:/opt/MVS/lib/64:/opt/MVS/lib/32:/opt/ros/humble/opt/rviz_ogre_vendor/lib:/opt/ros/humble/lib/x86_64-linux-gnu:/opt/ros/humble/lib:/opt/MVS/lib/64:/opt/MVS/lib/32 PYTHONPATH=/home/xzq/project/armor_ws/install/armor_interfaces/local/lib/python3.10/dist-packages:${PYTHONPATH} /usr/bin/cmake --build /home/xzq/project/armor_ws/build/armor_pub -- -j12 -l12
