[01m[K/home/xzq/project/ros2_ws3/src/cpp_pubsub/src/subscriber_member_function.cpp:2:10:[m[K [01;31m[Kfatal error: [m[Ktutorial_interfaces/msg/ArmorMsg.hpp: æ²¡æœ‰é‚£ä¸ªæ–‡ä»¶æˆ–ç›®å½•
    2 | #include [01;31m[K"tutorial_interfaces/msg/ArmorMsg.hpp"[m[K  // å¯¼å…¥è‡ªå®šä¹‰æ¶ˆæ¯
      |          [01;31m[K^~~~~~~~~~~~~~~~~~~~~~~~~~~~~~~~~~~~~~[m[K
[01m[K/home/xzq/project/ros2_ws3/src/cpp_pubsub/src/publisher_member_function.cpp:2:10:[m[K [01;31m[Kfatal error: [m[Ktutorial_interfaces/msg/ArmorMsg.hpp: æ²¡æœ‰é‚£ä¸ªæ–‡ä»¶æˆ–ç›®å½•
    2 | #include [01;31m[K"tutorial_interfaces/msg/ArmorMsg.hpp"[m[K  // å¯¼å…¥è‡ªå®šä¹‰æ¶ˆæ¯
      |          [01;31m[K^~~~~~~~~~~~~~~~~~~~~~~~~~~~~~~~~~~~~~[m[K
compilation terminated.
compilation terminated.
gmake[2]: *** [CMakeFiles/talker.dir/build.make:76ï¼šCMakeFiles/talker.dir/src/publisher_member_function.cpp.o] é”™è¯¯ 1
gmake[2]: *** [CMakeFiles/listener.dir/build.make:76ï¼šCMakeFiles/listener.dir/src/subscriber_member_function.cpp.o] é”™è¯¯ 1
gmake[1]: *** [CMakeFiles/Makefile2:165ï¼šCMakeFiles/listener.dir/all] é”™è¯¯ 2
gmake[1]: *** æ­£åœ¨ç­‰å¾…æœªå®Œæˆçš„ä»»åŠ¡....
gmake[1]: *** [CMakeFiles/Makefile2:139ï¼šCMakeFiles/talker.dir/all] é”™è¯¯ 2
gmake: *** [Makefile:146ï¼šall] é”™è¯¯ 2
