[0.007s] Invoking command in '/home/xzq/project/armor_ws/build/armor_pub': AMENT_PREFIX_PATH=/home/xzq/project/armor_ws/install/armor_interfaces:${AMENT_PREFIX_PATH} CMAKE_PREFIX_PATH=/home/xzq/project/armor_ws/install/armor_interfaces:/opt/ros/humble LD_LIBRARY_PATH=/home/xzq/project/armor_ws/install/armor_interfaces/lib:/opt/MVS/lib/64:/opt/MVS/lib/32:/opt/MVS/lib/64:/opt/MVS/lib/32:/opt/MVS/lib/64:/opt/MVS/lib/32:/opt/ros/humble/opt/rviz_ogre_vendor/lib:/opt/ros/humble/lib/x86_64-linux-gnu:/opt/ros/humble/lib:/opt/MVS/lib/64:/opt/MVS/lib/32 PYTHONPATH=/home/xzq/project/armor_ws/install/armor_interfaces/local/lib/python3.10/dist-packages:${PYTHONPATH} /usr/bin/cmake --build /home/xzq/project/armor_ws/build/armor_pub -- -j12 -l12
[0.032s] [0m-- CMAKE_BUILD_TYPE: Release[0m
[0.032s] -- Found ament_cmake_auto: 1.3.11 (/opt/ros/humble/share/ament_cmake_auto/cmake)
[0.166s] -- Found rosidl_generator_c: 3.1.6 (/opt/ros/humble/share/rosidl_generator_c/cmake)
[0.167s] -- Found rosidl_adapter: 3.1.6 (/opt/ros/humble/share/rosidl_adapter/cmake)
[0.170s] -- Found rosidl_generator_cpp: 3.1.6 (/opt/ros/humble/share/rosidl_generator_cpp/cmake)
[0.176s] -- Using all available rosidl_typesupport_c: rosidl_typesupport_fastrtps_c;rosidl_typesupport_introspection_c
[0.182s] -- Using all available rosidl_typesupport_cpp: rosidl_typesupport_fastrtps_cpp;rosidl_typesupport_introspection_cpp
[0.200s] -- Found rmw_implementation_cmake: 6.1.2 (/opt/ros/humble/share/rmw_implementation_cmake/cmake)
[0.201s] -- Found rmw_fastrtps_cpp: 6.2.7 (/opt/ros/humble/share/rmw_fastrtps_cpp/cmake)
[0.259s] -- Using RMW implementation 'rmw_fastrtps_cpp' as default
[0.378s] -- Found eigen3_cmake_module: 0.1.1 (/opt/ros/humble/share/eigen3_cmake_module/cmake)
[0.379s] -- Ensuring Eigen3 include directory is part of orocos-kdl CMake target
[0.394s] -- Configuring done
[0.407s] -- Generating done
[0.412s] -- Build files have been written to: /home/xzq/project/armor_ws/build/armor_pub
[0.429s] [35m[1mConsolidate compiler generated dependencies of target hik_driver[0m
[0.430s] [35m[1mConsolidate compiler generated dependencies of target armor_pub_node[0m
[0.439s] [  7%] [32mBuilding CXX object CMakeFiles/armor_pub.dir/src/armor_detector/matchLight.cpp.o[0m
[0.439s] [ 35%] [32mBuilding CXX object CMakeFiles/armor_pub.dir/src/armor_detector/readDealCheck.cpp.o[0m
[0.439s] [ 35%] [32mBuilding CXX object CMakeFiles/armor_pub.dir/src/armor_detector/detectLight.cpp.o[0m
[0.439s] [ 35%] [32mBuilding CXX object CMakeFiles/armor_pub.dir/src/armor_detector/matchArmor.cpp.o[0m
[0.439s] [ 35%] [32mBuilding CXX object CMakeFiles/armor_pub.dir/src/Light/Light.cpp.o[0m
[0.439s] [ 50%] [32mBuilding CXX object CMakeFiles/armor_pub.dir/src/pnpSlover/pnpSlover.cpp.o[0m
[0.439s] [ 50%] [32mBuilding CXX object CMakeFiles/armor_pub.dir/src/armor_detector/show.cpp.o[0m
[0.439s] [ 78%] [32mBuilding CXX object CMakeFiles/armor_pub.dir/src/armor_detector/draw.cpp.o[0m
[0.440s] [ 78%] [32mBuilding CXX object CMakeFiles/armor_pub.dir/src/Armor/Armor.cpp.o[0m
[0.440s] [ 78%] Built target hik_driver
[0.443s] [ 92%] Built target armor_pub_node
[0.598s] In file included from [01m[K/home/xzq/project/armor_ws/src/detectArmor/src/armor_detector/readDealCheck.cpp:1[m[K:
[0.598s] [01m[K/home/xzq/project/armor_ws/src/detectArmor/include/detect.h:7:10:[m[K [01;31m[Kfatal error: [m[KMvCameraControl.h: 没有那个文件或目录
[0.599s]     7 | #include [01;31m[K"MvCameraControl.h"[m[K
[0.599s]       |          [01;31m[K^~~~~~~~~~~~~~~~~~~[m[K
[0.599s] compilation terminated.
[0.601s] gmake[2]: *** [CMakeFiles/armor_pub.dir/build.make:160：CMakeFiles/armor_pub.dir/src/armor_detector/readDealCheck.cpp.o] 错误 1
[0.601s] gmake[2]: *** 正在等待未完成的任务....
[0.603s] In file included from [01m[K/home/xzq/project/armor_ws/src/detectArmor/src/armor_detector/detectLight.cpp:1[m[K:
[0.603s] [01m[K/home/xzq/project/armor_ws/src/detectArmor/include/detect.h:7:10:[m[K [01;31m[Kfatal error: [m[KMvCameraControl.h: 没有那个文件或目录
[0.603s]     7 | #include [01;31m[K"MvCameraControl.h"[m[K
[0.604s]       |          [01;31m[K^~~~~~~~~~~~~~~~~~~[m[K
[0.604s] compilation terminated.
[0.605s] gmake[2]: *** [CMakeFiles/armor_pub.dir/build.make:104：CMakeFiles/armor_pub.dir/src/armor_detector/detectLight.cpp.o] 错误 1
[0.612s] In file included from [01m[K/home/xzq/project/armor_ws/src/detectArmor/src/armor_detector/matchArmor.cpp:1[m[K:
[0.612s] [01m[K/home/xzq/project/armor_ws/src/detectArmor/include/detect.h:7:10:[m[K [01;31m[Kfatal error: [m[KMvCameraControl.h: 没有那个文件或目录
[0.612s]     7 | #include [01;31m[K"MvCameraControl.h"[m[K
[0.612s]       |          [01;31m[K^~~~~~~~~~~~~~~~~~~[m[K
[0.612s] compilation terminated.
[0.614s] gmake[2]: *** [CMakeFiles/armor_pub.dir/build.make:132：CMakeFiles/armor_pub.dir/src/armor_detector/matchArmor.cpp.o] 错误 1
[0.625s] In file included from [01m[K/home/xzq/project/armor_ws/src/detectArmor/src/armor_detector/show.cpp:1[m[K:
[0.625s] [01m[K/home/xzq/project/armor_ws/src/detectArmor/include/detect.h:7:10:[m[K [01;31m[Kfatal error: [m[KMvCameraControl.h: 没有那个文件或目录
[0.625s]     7 | #include [01;31m[K"MvCameraControl.h"[m[K
[0.625s]       |          [01;31m[K^~~~~~~~~~~~~~~~~~~[m[K
[0.625s] compilation terminated.
[0.627s] gmake[2]: *** [CMakeFiles/armor_pub.dir/build.make:174：CMakeFiles/armor_pub.dir/src/armor_detector/show.cpp.o] 错误 1
[0.629s] In file included from [01m[K/home/xzq/project/armor_ws/src/detectArmor/include/pnpslover.h:4[m[K,
[0.629s]                  from [01m[K/home/xzq/project/armor_ws/src/detectArmor/src/pnpSlover/pnpSlover.cpp:1[m[K:
[0.629s] [01m[K/home/xzq/project/armor_ws/src/detectArmor/include/detect.h:7:10:[m[K [01;31m[Kfatal error: [m[KMvCameraControl.h: 没有那个文件或目录
[0.629s]     7 | #include [01;31m[K"MvCameraControl.h"[m[K
[0.629s]       |          [01;31m[K^~~~~~~~~~~~~~~~~~~[m[K
[0.629s] compilation terminated.
[0.631s] gmake[2]: *** [CMakeFiles/armor_pub.dir/build.make:188：CMakeFiles/armor_pub.dir/src/pnpSlover/pnpSlover.cpp.o] 错误 1
[0.643s] In file included from [01m[K/home/xzq/project/armor_ws/src/detectArmor/src/armor_detector/draw.cpp:1[m[K:
[0.643s] [01m[K/home/xzq/project/armor_ws/src/detectArmor/include/detect.h:7:10:[m[K [01;31m[Kfatal error: [m[KMvCameraControl.h: 没有那个文件或目录
[0.643s]     7 | #include [01;31m[K"MvCameraControl.h"[m[K
[0.643s]       |          [01;31m[K^~~~~~~~~~~~~~~~~~~[m[K
[0.643s] compilation terminated.
[0.644s] gmake[2]: *** [CMakeFiles/armor_pub.dir/build.make:118：CMakeFiles/armor_pub.dir/src/armor_detector/draw.cpp.o] 错误 1
[0.653s] In file included from [01m[K/home/xzq/project/armor_ws/src/detectArmor/src/Armor/Armor.cpp:1[m[K:
[0.653s] [01m[K/home/xzq/project/armor_ws/src/detectArmor/include/detect.h:7:10:[m[K [01;31m[Kfatal error: [m[KMvCameraControl.h: 没有那个文件或目录
[0.653s]     7 | #include [01;31m[K"MvCameraControl.h"[m[K
[0.653s]       |          [01;31m[K^~~~~~~~~~~~~~~~~~~[m[K
[0.653s] compilation terminated.
[0.653s] In file included from [01m[K/home/xzq/project/armor_ws/src/detectArmor/src/Light/Light.cpp:1[m[K:
[0.653s] [01m[K/home/xzq/project/armor_ws/src/detectArmor/include/detect.h:7:10:[m[K [01;31m[Kfatal error: [m[KMvCameraControl.h: 没有那个文件或目录
[0.653s]     7 | #include [01;31m[K"MvCameraControl.h"[m[K
[0.653s]       |          [01;31m[K^~~~~~~~~~~~~~~~~~~[m[K
[0.653s] compilation terminated.
[0.654s] In file included from [01m[K/home/xzq/project/armor_ws/src/detectArmor/src/armor_detector/matchLight.cpp:1[m[K:
[0.654s] [01m[K/home/xzq/project/armor_ws/src/detectArmor/include/detect.h:7:10:[m[K [01;31m[Kfatal error: [m[KMvCameraControl.h: 没有那个文件或目录
[0.654s]     7 | #include [01;31m[K"MvCameraControl.h"[m[K
[0.654s]       |          [01;31m[K^~~~~~~~~~~~~~~~~~~[m[K
[0.654s] compilation terminated.
[0.654s] gmake[2]: *** [CMakeFiles/armor_pub.dir/build.make:76：CMakeFiles/armor_pub.dir/src/Armor/Armor.cpp.o] 错误 1
[0.655s] gmake[2]: *** [CMakeFiles/armor_pub.dir/build.make:90：CMakeFiles/armor_pub.dir/src/Light/Light.cpp.o] 错误 1
[0.656s] gmake[2]: *** [CMakeFiles/armor_pub.dir/build.make:146：CMakeFiles/armor_pub.dir/src/armor_detector/matchLight.cpp.o] 错误 1
[0.656s] gmake[1]: *** [CMakeFiles/Makefile2:156：CMakeFiles/armor_pub.dir/all] 错误 2
[0.656s] gmake: *** [Makefile:146：all] 错误 2
[0.658s] Invoked command in '/home/xzq/project/armor_ws/build/armor_pub' returned '2': AMENT_PREFIX_PATH=/home/xzq/project/armor_ws/install/armor_interfaces:${AMENT_PREFIX_PATH} CMAKE_PREFIX_PATH=/home/xzq/project/armor_ws/install/armor_interfaces:/opt/ros/humble LD_LIBRARY_PATH=/home/xzq/project/armor_ws/install/armor_interfaces/lib:/opt/MVS/lib/64:/opt/MVS/lib/32:/opt/MVS/lib/64:/opt/MVS/lib/32:/opt/MVS/lib/64:/opt/MVS/lib/32:/opt/ros/humble/opt/rviz_ogre_vendor/lib:/opt/ros/humble/lib/x86_64-linux-gnu:/opt/ros/humble/lib:/opt/MVS/lib/64:/opt/MVS/lib/32 PYTHONPATH=/home/xzq/project/armor_ws/install/armor_interfaces/local/lib/python3.10/dist-packages:${PYTHONPATH} /usr/bin/cmake --build /home/xzq/project/armor_ws/build/armor_pub -- -j12 -l12
